<?xml version="1.0" encoding="UTF-8"?>
<!-- Generated by org.testng.reporters.JUnitReportReporter -->
<testsuite skipped="0" hostname="ASDP1534PO01976" name="com.qainfotech.com.Create_Index_html_Using_ITestListener.Report" tests="3" failures="0" timestamp="20 Sep 2018 10:50:50 GMT" time="0.232" errors="0">
  <testcase name="testRealReportTwo" time="0.001" classname="com.qainfotech.com.Create_Index_html_Using_ITestListener.Report"/>
  <testcase name="testRealReportThree" time="0.226" classname="com.qainfotech.com.Create_Index_html_Using_ITestListener.Report"/>
  <testcase name="testRealReportOne" time="0.005" classname="com.qainfotech.com.Create_Index_html_Using_ITestListener.Report"/>
</testsuite> <!-- com.qainfotech.com.Create_Index_html_Using_ITestListener.Report -->
